<?xml version="1.0" encoding="UTF-8"?>
<testng-results skipped="0" failed="0" total="1" passed="1">
  <reporter-output>
  </reporter-output>
  <suite name="Suite" duration-ms="18548" started-at="2020-04-11T17:01:43Z" finished-at="2020-04-11T17:02:01Z">
    <groups>
    </groups>
    <test name="Test" duration-ms="18548" started-at="2020-04-11T17:01:43Z" finished-at="2020-04-11T17:02:01Z">
      <class name="com.demo.selenium.test.FirstTest">
        <test-method status="PASS" signature="f()[pri:0, instance:com.demo.selenium.test.FirstTest@68c4039c]" name="f" duration-ms="18506" started-at="2020-04-11T22:31:43Z" finished-at="2020-04-11T22:32:01Z">
          <reporter-output>
          </reporter-output>
        </test-method> <!-- f -->
      </class> <!-- com.demo.selenium.test.FirstTest -->
    </test> <!-- Test -->
  </suite> <!-- Suite -->
</testng-results>
